
The polynomial is of degree 64
Irreducible polynomial used is 48BD6F7D CD181693 
Total CPU time for 64 fingerprinting = 0.060000 seconds

****************************************

The polynomial is of degree 64
Irreducible polynomial used is 7F9BFFDE FCE7FFFF 
Total CPU time for 64 fingerprinting = 0.000000 seconds

****************************************

The polynomial is of degree 64
Irreducible polynomial used is 44501201 D6444203 
Total CPU time for 64 fingerprinting = 0.000000 seconds

****************************************

The polynomial is of degree 64
Irreducible polynomial used is 08614840 00800449 
Total CPU time for 64 fingerprinting = 0.000000 seconds

****************************************

The polynomial is of degree 64
Irreducible polynomial used is 7FFEFFFD FFFFFDFF 
Total CPU time for 64 fingerprinting = 0.000000 seconds

****************************************

The polynomial is of degree 64
Irreducible polynomial used is 75BBF3BF FEFFDBEF 
Total CPU time for 64 fingerprinting = 0.000000 seconds

****************************************

The polynomial is of degree 64
Irreducible polynomial used is 2F57D545 B02C62AD 
Total CPU time for 64 fingerprinting = 0.000000 seconds

****************************************

The polynomial is of degree 64
Irreducible polynomial used is 58CC7ABA E79DE5E3 
Total CPU time for 64 fingerprinting = 0.000000 seconds

****************************************

The polynomial is of degree 64
Irreducible polynomial used is 7CFDE65B DFFA5BE7 
Total CPU time for 64 fingerprinting = 0.000000 seconds

****************************************

The polynomial is of degree 64
Irreducible polynomial used is 608222C1 06082001 
Total CPU time for 64 fingerprinting = 0.000000 seconds

****************************************

The polynomial is of degree 64
Irreducible polynomial used is 010042D8 68198081 
Total CPU time for 64 fingerprinting = 0.000000 seconds

****************************************

The polynomial is of degree 64
Irreducible polynomial used is 02280A82 73CC148B 
Total CPU time for 64 fingerprinting = 0.000000 seconds

****************************************

The polynomial is of degree 64
Irreducible polynomial used is 12100028 2008050D 
Total CPU time for 64 fingerprinting = 0.000000 seconds

****************************************

The polynomial is of degree 0
Irreducible polynomial used is 
Total CPU time for 0 fingerprinting = 0.000000 seconds

****************************************

The polynomial is of degree 64
Irreducible polynomial used is 532D421D 8010C6BB 
Total CPU time for 64 fingerprinting = 0.000000 seconds

****************************************

The polynomial is of degree 0
Irreducible polynomial used is 
Total CPU time for 0 fingerprinting = 0.000000 seconds

****************************************

The polynomial is of degree 0
Irreducible polynomial used is 
Total CPU time for 0 fingerprinting = 0.000000 seconds

****************************************

The polynomial is of degree 0
Irreducible polynomial used is 
Total CPU time for 0 fingerprinting = 0.000000 seconds

****************************************

The polynomial is of degree 0
Irreducible polynomial used is 
Total CPU time for 0 fingerprinting = 0.000000 seconds

****************************************

The polynomial is of degree 0
Irreducible polynomial used is 
Total CPU time for 0 fingerprinting = 0.000000 seconds

****************************************

The polynomial is of degree 0
Irreducible polynomial used is 
Total CPU time for 0 fingerprinting = 0.000000 seconds

****************************************

The polynomial is of degree 0
Irreducible polynomial used is 
Total CPU time for 0 fingerprinting = 0.000000 seconds

****************************************

The polynomial is of degree 0
Irreducible polynomial used is 
Total CPU time for 0 fingerprinting = 0.000000 seconds

****************************************

The polynomial is of degree 64
Irreducible polynomial used is 7FFF5FEE FFFFFFBF 
Total CPU time for 64 fingerprinting = 0.000000 seconds

****************************************

The polynomial is of degree 64
Irreducible polynomial used is 04400024 00205001 
Total CPU time for 64 fingerprinting = 0.000000 seconds

****************************************

The polynomial is of degree 0
Irreducible polynomial used is 
Total CPU time for 0 fingerprinting = 0.000000 seconds

****************************************

The polynomial is of degree 0
Irreducible polynomial used is 
Total CPU time for 0 fingerprinting = 0.000000 seconds

****************************************

The polynomial is of degree 64
Irreducible polynomial used is 3D14CF68 BECC5517 
Total CPU time for 64 fingerprinting = 0.000000 seconds

****************************************

The polynomial is of degree 0
Irreducible polynomial used is 
Total CPU time for 0 fingerprinting = 0.000000 seconds

****************************************

The polynomial is of degree 0
Irreducible polynomial used is 
Total CPU time for 0 fingerprinting = 0.000000 seconds

****************************************

The polynomial is of degree 0
Irreducible polynomial used is 
Total CPU time for 0 fingerprinting = 0.000000 seconds

****************************************

The polynomial is of degree 0
Irreducible polynomial used is 
Total CPU time for 0 fingerprinting = 0.000000 seconds

****************************************

The polynomial is of degree 0
Irreducible polynomial used is 
Total CPU time for 0 fingerprinting = 0.020000 seconds

****************************************

The polynomial is of degree 0
Irreducible polynomial used is 
Total CPU time for 0 fingerprinting = 0.000000 seconds

****************************************

The polynomial is of degree 64
Irreducible polynomial used is 33FFFBFE FF5EFFFD 
Total CPU time for 64 fingerprinting = 0.000000 seconds

****************************************

The polynomial is of degree 64
Irreducible polynomial used is 2DCD9831 7340D0ED 
Total CPU time for 64 fingerprinting = 0.000000 seconds

****************************************

The polynomial is of degree 64
Irreducible polynomial used is 6CFDDEDF CE7935F5 
Total CPU time for 64 fingerprinting = 0.000000 seconds

****************************************

The polynomial is of degree 64
Irreducible polynomial used is 02000000 88004003 
Total CPU time for 64 fingerprinting = 0.000000 seconds

****************************************

The polynomial is of degree 64
Irreducible polynomial used is 00000000 00000005 
Total CPU time for 64 fingerprinting = 0.000000 seconds

****************************************

The polynomial is of degree 0
Irreducible polynomial used is 
Total CPU time for 0 fingerprinting = 0.000000 seconds

****************************************

The polynomial is of degree 0
Irreducible polynomial used is 
Total CPU time for 0 fingerprinting = 0.000000 seconds

****************************************

The polynomial is of degree 64
Irreducible polynomial used is 40284106 80304463 
Total CPU time for 64 fingerprinting = 0.000000 seconds

****************************************

The polynomial is of degree 64
Irreducible polynomial used is 327E5CA9 B01BC7CB 
Total CPU time for 64 fingerprinting = 0.000000 seconds

****************************************

The polynomial is of degree 0
Irreducible polynomial used is 
Total CPU time for 0 fingerprinting = 0.000000 seconds

****************************************

The polynomial is of degree 64
Irreducible polynomial used is 5DFEEDED C7D3A75D 
Total CPU time for 64 fingerprinting = 0.000000 seconds

****************************************

The polynomial is of degree 0
Irreducible polynomial used is 
Total CPU time for 0 fingerprinting = 0.000000 seconds

****************************************

The polynomial is of degree 0
Irreducible polynomial used is 
Total CPU time for 0 fingerprinting = 0.000000 seconds

****************************************

The polynomial is of degree 0
Irreducible polynomial used is 
Total CPU time for 0 fingerprinting = 0.000000 seconds

****************************************

The polynomial is of degree 32
Irreducible polynomial used is 00004001 
Total CPU time for 32 fingerprinting = 0.000000 seconds

****************************************

The polynomial is of degree 64
Irreducible polynomial used is 3FFFFEF8 FFBFFF7F 
Total CPU time for 64 fingerprinting = 0.000000 seconds

****************************************

The polynomial is of degree 64
Irreducible polynomial used is 77FDF9DE F3FFFFBF 
Total CPU time for 64 fingerprinting = 0.000000 seconds

****************************************

The polynomial is of degree 64
Irreducible polynomial used is 081B8A2D 46C87EDD 
Total CPU time for 64 fingerprinting = 0.000000 seconds

****************************************

The polynomial is of degree 64
Irreducible polynomial used is 2FFDBDEF FFFFFFEF 
Total CPU time for 64 fingerprinting = 0.000000 seconds

****************************************

The polynomial is of degree 64
Irreducible polynomial used is 7F56E91E 7EEB5C33 
Total CPU time for 64 fingerprinting = 0.000000 seconds

****************************************

The polynomial is of degree 64
Irreducible polynomial used is 2FDFDBBF 7FFFFEA7 
Total CPU time for 64 fingerprinting = 0.000000 seconds

****************************************

The polynomial is of degree 64
Irreducible polynomial used is 75F5DBFA 9FFFBDEF 
Total CPU time for 64 fingerprinting = 0.000000 seconds

****************************************

The polynomial is of degree 64
Irreducible polynomial used is 09039200 1DE40141 
Total CPU time for 64 fingerprinting = 0.000000 seconds

****************************************

The polynomial is of degree 64
Irreducible polynomial used is 1BF27FFE F6CDF3C9 
Total CPU time for 64 fingerprinting = 0.000000 seconds

****************************************

The polynomial is of degree 64
Irreducible polynomial used is 740919AE 4E3AF969 
Total CPU time for 64 fingerprinting = 0.000000 seconds

****************************************

The polynomial is of degree 64
Irreducible polynomial used is 20132362 70E03355 
Total CPU time for 64 fingerprinting = 0.000000 seconds

****************************************

The polynomial is of degree 64
Irreducible polynomial used is 7FFF6FEF FBEFFEFD 
Total CPU time for 64 fingerprinting = 0.000000 seconds

****************************************

The polynomial is of degree 64
Irreducible polynomial used is 7FFF6FEF FBEFFEFD 
Total CPU time for 64 fingerprinting = 0.000000 seconds

****************************************

The polynomial is of degree 64
Irreducible polynomial used is 7FFF6FEF FBEFFEFD 
Total CPU time for 64 fingerprinting = 0.000000 seconds

****************************************

The polynomial is of degree 64
Irreducible polynomial used is 7FFF6FEF FBEFFEFD 
Total CPU time for 64 fingerprinting = 0.000000 seconds

****************************************

The polynomial is of degree 64
Irreducible polynomial used is 7FFF6FEF FBEFFEFD 
Total CPU time for 64 fingerprinting = 0.000000 seconds

****************************************

The polynomial is of degree 64
Irreducible polynomial used is 7FFF6FEF FBEFFEFD 
Total CPU time for 64 fingerprinting = 0.000000 seconds

****************************************

The polynomial is of degree 64
Irreducible polynomial used is 7FFF6FEF FBEFFEFD 
Total CPU time for 64 fingerprinting = 0.000000 seconds

****************************************

The polynomial is of degree 64
Irreducible polynomial used is 7FFF6FEF FBEFFEFD 
Total CPU time for 64 fingerprinting = 0.000000 seconds

****************************************

The polynomial is of degree 64
Irreducible polynomial used is 7FFF6FEF FBEFFEFD 
Total CPU time for 64 fingerprinting = 0.000000 seconds

****************************************

The polynomial is of degree 64
Irreducible polynomial used is 7FFF6FEF FBEFFEFD 
Total CPU time for 64 fingerprinting = 0.000000 seconds

****************************************

The polynomial is of degree 64
Irreducible polynomial used is 7FFF6FEF FBEFFEFD 
Total CPU time for 64 fingerprinting = 0.000000 seconds

****************************************

The polynomial is of degree 32
Irreducible polynomial used is 7F5BEBFF 
Total CPU time for 32 fingerprinting = 0.000000 seconds

****************************************

The polynomial is of degree 32
Irreducible polynomial used is 7F5BEBFF 
Total CPU time for 32 fingerprinting = 0.000000 seconds

****************************************

The polynomial is of degree 64
Irreducible polynomial used is 7FFF6FEF FBEFFEFD 
Total CPU time for 64 fingerprinting = 0.000000 seconds

****************************************

The polynomial is of degree 32
Irreducible polynomial used is 7F5BEBFF 
Total CPU time for 32 fingerprinting = 0.000000 seconds

****************************************

The polynomial is of degree 32
Irreducible polynomial used is 7F5BEBFF 
Total CPU time for 32 fingerprinting = 0.000000 seconds

****************************************

The polynomial is of degree 32
Irreducible polynomial used is 7F5BEBFF 
Total CPU time for 32 fingerprinting = 0.000000 seconds

****************************************

The polynomial is of degree 32
Irreducible polynomial used is 7F5BEBFF 
Total CPU time for 32 fingerprinting = 0.000000 seconds

****************************************

The polynomial is of degree 32
Irreducible polynomial used is 7F5BEBFF 
Total CPU time for 32 fingerprinting = 0.000000 seconds

****************************************

The polynomial is of degree 32
Irreducible polynomial used is 7F5BEBFF 
Total CPU time for 32 fingerprinting = 0.000000 seconds

****************************************

The polynomial is of degree 32
Irreducible polynomial used is 7F5BEBFF 
Total CPU time for 32 fingerprinting = 0.000000 seconds

****************************************

The polynomial is of degree 32
Irreducible polynomial used is 7F5BEBFF 
Total CPU time for 32 fingerprinting = 0.000000 seconds

****************************************

The polynomial is of degree 32
Irreducible polynomial used is 7F5BEBFF 
Total CPU time for 32 fingerprinting = 0.000000 seconds

****************************************

The polynomial is of degree 64
Irreducible polynomial used is 7FFF6FEF FBEFFEFD 
Total CPU time for 64 fingerprinting = 0.000000 seconds

****************************************

The polynomial is of degree 32
Irreducible polynomial used is FEB7D7FF 
Total CPU time for 32 fingerprinting = 0.000000 seconds

****************************************

The polynomial is of degree 32
Irreducible polynomial used is 7F5BEBFF 
Total CPU time for 32 fingerprinting = 0.000000 seconds

****************************************

The polynomial is of degree 32
Irreducible polynomial used is 7F5BEBFF 
Total CPU time for 32 fingerprinting = 0.000000 seconds

****************************************

The polynomial is of degree 32
Irreducible polynomial used is 7F5BEBFF 
Total CPU time for 32 fingerprinting = 0.000000 seconds

****************************************

The polynomial is of degree 32
Irreducible polynomial used is 7F5BEBFF 
Total CPU time for 32 fingerprinting = 0.000000 seconds

****************************************

The polynomial is of degree 32
Irreducible polynomial used is 7F5BEBFF 
Total CPU time for 32 fingerprinting = 0.000000 seconds

****************************************

The polynomial is of degree 32
Irreducible polynomial used is 7F5BEBFF 
Total CPU time for 32 fingerprinting = 0.000000 seconds

****************************************

The polynomial is of degree 32
Irreducible polynomial used is 7F5BEBFF 
Total CPU time for 32 fingerprinting = 0.000000 seconds

****************************************

The polynomial is of degree 32
Irreducible polynomial used is 7F5BEBFF 
Total CPU time for 32 fingerprinting = 0.000000 seconds

****************************************

The polynomial is of degree 32
Irreducible polynomial used is 7F5BEBFF 
Total CPU time for 32 fingerprinting = 0.000000 seconds

****************************************

The polynomial is of degree 32
Irreducible polynomial used is 7F5BEBFF 
Total CPU time for 32 fingerprinting = 0.000000 seconds

****************************************

The polynomial is of degree 32
Irreducible polynomial used is 7F5BEBFF 
Total CPU time for 32 fingerprinting = 0.000000 seconds

****************************************

The polynomial is of degree 32
Irreducible polynomial used is 7F5BEBFF 
Total CPU time for 32 fingerprinting = 0.000000 seconds

****************************************

The polynomial is of degree 32
Irreducible polynomial used is 7F5BEBFF 
Total CPU time for 32 fingerprinting = 0.000000 seconds

****************************************

The polynomial is of degree 64
Irreducible polynomial used is 7FFF6FEF FBEFFEFD 
Total CPU time for 64 fingerprinting = 0.000000 seconds

****************************************

The polynomial is of degree 64
Irreducible polynomial used is 7FFF6FEF FBEFFEFD 
Total CPU time for 64 fingerprinting = 0.000000 seconds

****************************************

The polynomial is of degree 32
Irreducible polynomial used is 7F5BEBFF 
Total CPU time for 32 fingerprinting = 0.000000 seconds

****************************************

The polynomial is of degree 64
Irreducible polynomial used is 7FFF6FEF FBEFFEFD 
Total CPU time for 64 fingerprinting = 0.000000 seconds

****************************************

The polynomial is of degree 64
Irreducible polynomial used is 7FFF6FEF FBEFFEFD 
Total CPU time for 64 fingerprinting = 0.000000 seconds

****************************************

The polynomial is of degree 64
Irreducible polynomial used is 
Total CPU time for 64 fingerprinting = 0.000000 seconds

****************************************

The polynomial is of degree 64
Irreducible polynomial used is 
Total CPU time for 64 fingerprinting = 0.000000 seconds

****************************************

The polynomial is of degree 64
Irreducible polynomial used is 7FFF6FEF FBEFFEFD 
Total CPU time for 64 fingerprinting = 0.000000 seconds

****************************************

The polynomial is of degree 64
Irreducible polynomial used is 00000000 00002001 
Total CPU time for 64 fingerprinting = 0.000000 seconds

****************************************

The polynomial is of degree 64
Irreducible polynomial used is 00000000 00002001 
Total CPU time for 64 fingerprinting = 0.000000 seconds

****************************************

The polynomial is of degree 64
Irreducible polynomial used is 00000000 00002001 
Total CPU time for 64 fingerprinting = 0.000000 seconds

****************************************

The polynomial is of degree 32
Irreducible polynomial used is 00000041 
Total CPU time for 32 fingerprinting = 0.000000 seconds

****************************************

The polynomial is of degree 32
Irreducible polynomial used is 00000041 
Total CPU time for 32 fingerprinting = 0.000000 seconds

****************************************

The polynomial is of degree 32
Irreducible polynomial used is 00000001 
Total CPU time for 32 fingerprinting = 0.000000 seconds

****************************************

The polynomial is of degree 32
Irreducible polynomial used is 00000001 
Total CPU time for 32 fingerprinting = 0.000000 seconds

****************************************

The polynomial is of degree 32
Irreducible polynomial used is 00000001 
Total CPU time for 32 fingerprinting = 0.000000 seconds

****************************************

The polynomial is of degree 32
Irreducible polynomial used is 00000003 
Total CPU time for 32 fingerprinting = 0.000000 seconds

****************************************

The polynomial is of degree 32
Irreducible polynomial used is 00000003 
Total CPU time for 32 fingerprinting = 0.000000 seconds

****************************************

The polynomial is of degree 32
Irreducible polynomial used is 00000003 
Total CPU time for 32 fingerprinting = 0.000000 seconds

****************************************

The polynomial is of degree 32
Irreducible polynomial used is 00000003 
Total CPU time for 32 fingerprinting = 0.000000 seconds

****************************************

The polynomial is of degree 32
Irreducible polynomial used is 00000003 
Total CPU time for 32 fingerprinting = 0.000000 seconds

****************************************

The polynomial is of degree 32
Irreducible polynomial used is 00000003 
Total CPU time for 32 fingerprinting = 0.000000 seconds

****************************************

The polynomial is of degree 32
Irreducible polynomial used is 00000003 
Total CPU time for 32 fingerprinting = 0.000000 seconds

****************************************

The polynomial is of degree 32
Irreducible polynomial used is 00000003 
Total CPU time for 32 fingerprinting = 0.000000 seconds

****************************************

The polynomial is of degree 32
Irreducible polynomial used is 00000003 
Total CPU time for 32 fingerprinting = 0.000000 seconds

****************************************

The polynomial is of degree 32
Irreducible polynomial used is 00000003 
Total CPU time for 32 fingerprinting = 0.000000 seconds

****************************************

The polynomial is of degree 32
Irreducible polynomial used is 00000003 
Total CPU time for 32 fingerprinting = 0.000000 seconds

****************************************

The polynomial is of degree 32
Irreducible polynomial used is 00000003 
Total CPU time for 32 fingerprinting = 0.000000 seconds

****************************************

The polynomial is of degree 32
Irreducible polynomial used is 00000003 
Total CPU time for 32 fingerprinting = 0.000000 seconds

****************************************

The polynomial is of degree 32
Irreducible polynomial used is 00000003 
Total CPU time for 32 fingerprinting = 0.000000 seconds

****************************************

The polynomial is of degree 32
Irreducible polynomial used is 00000003 
Total CPU time for 32 fingerprinting = 0.000000 seconds

****************************************

The polynomial is of degree 64
Irreducible polynomial used is 00000000 00000003 
Total CPU time for 64 fingerprinting = 0.000000 seconds

****************************************

The polynomial is of degree 64
Irreducible polynomial used is 00000000 00000003 
Total CPU time for 64 fingerprinting = 0.000000 seconds

****************************************

The polynomial is of degree 64
Irreducible polynomial used is 00000000 00000003 
Total CPU time for 64 fingerprinting = 0.000000 seconds

****************************************

The polynomial is of degree 32
Irreducible polynomial used is 00000003 
Total CPU time for 32 fingerprinting = 0.000000 seconds

****************************************

The polynomial is of degree 64
Irreducible polynomial used is 00000000 00000003 
Total CPU time for 64 fingerprinting = 0.000000 seconds

****************************************

The polynomial is of degree 64
Irreducible polynomial used is 00000000 00000003 
Total CPU time for 64 fingerprinting = 0.000000 seconds

****************************************

The polynomial is of degree 64
Irreducible polynomial used is 00000000 00000003 
Total CPU time for 64 fingerprinting = 0.000000 seconds

****************************************

The polynomial is of degree 64
Irreducible polynomial used is 00000000 00000003 
Total CPU time for 64 fingerprinting = 0.000000 seconds

****************************************

The polynomial is of degree 64
Irreducible polynomial used is 00000000 00000003 
Total CPU time for 64 fingerprinting = 0.000000 seconds

****************************************

The polynomial is of degree 64
Irreducible polynomial used is 00000000 00000003 
Total CPU time for 64 fingerprinting = 0.000000 seconds

****************************************

The polynomial is of degree 64
Irreducible polynomial used is 00000000 00000003 
Total CPU time for 64 fingerprinting = 0.000000 seconds

****************************************

The polynomial is of degree 64
Irreducible polynomial used is 00000000 00000003 
Total CPU time for 64 fingerprinting = 0.000000 seconds

****************************************

The polynomial is of degree 32
Irreducible polynomial used is 00000003 
Total CPU time for 32 fingerprinting = 0.000000 seconds

****************************************

The polynomial is of degree 128
Irreducible polynomial used is 00000000 00000000 00000000 00000003 
Total CPU time for 128 fingerprinting = 0.000000 seconds

****************************************

The polynomial is of degree 128
Irreducible polynomial used is 00000000 00000000 00000000 00000003 
Total CPU time for 128 fingerprinting = 0.000000 seconds

****************************************

The polynomial is of degree 128
Irreducible polynomial used is 00000000 00000000 00000000 00000003 
Total CPU time for 128 fingerprinting = 0.000000 seconds

****************************************

The polynomial is of degree 128
Irreducible polynomial used is 00000000 00000000 00000000 00000003 
Total CPU time for 128 fingerprinting = 0.000000 seconds

****************************************

The polynomial is of degree 128
Irreducible polynomial used is 00000000 00000000 00000000 00000003 
Total CPU time for 128 fingerprinting = 0.000000 seconds

****************************************

The polynomial is of degree 128
Irreducible polynomial used is 00000000 00000000 00000000 00000003 
Total CPU time for 128 fingerprinting = 0.000000 seconds

****************************************

The polynomial is of degree 128
Irreducible polynomial used is 00000000 00000000 00000000 00000003 
Total CPU time for 128 fingerprinting = 0.000000 seconds

****************************************

The polynomial is of degree 128
Irreducible polynomial used is 00000000 00000000 00000000 00000003 
Total CPU time for 128 fingerprinting = 0.000000 seconds

****************************************

The polynomial is of degree 128
Irreducible polynomial used is 00000000 00000000 00000000 00000003 
Total CPU time for 128 fingerprinting = 0.000000 seconds

****************************************

The polynomial is of degree 128
Irreducible polynomial used is 00000000 00000000 00000000 00000003 
Total CPU time for 128 fingerprinting = 0.000000 seconds

****************************************

The polynomial is of degree 128
Irreducible polynomial used is 00000000 00000000 00000000 00000003 
Total CPU time for 128 fingerprinting = 0.000000 seconds

****************************************

The polynomial is of degree 32
Irreducible polynomial used is 00000003 
Total CPU time for 32 fingerprinting = 0.000000 seconds

****************************************

The polynomial is of degree 32
Irreducible polynomial used is 00000003 
Total CPU time for 32 fingerprinting = 0.000000 seconds

****************************************

The polynomial is of degree 32
Irreducible polynomial used is 00000003 
Total CPU time for 32 fingerprinting = 0.000000 seconds

****************************************

The polynomial is of degree 64
Irreducible polynomial used is 00000000 00000003 
Total CPU time for 64 fingerprinting = 0.000000 seconds

****************************************

The polynomial is of degree 96
Irreducible polynomial used is 00000000 00000000 00000003 
Total CPU time for 96 fingerprinting = 0.000000 seconds

****************************************

The polynomial is of degree 128
Irreducible polynomial used is 00000000 00000000 00000000 00000003 
Total CPU time for 128 fingerprinting = 0.000000 seconds

****************************************

The polynomial is of degree 128
Irreducible polynomial used is 00000000 00000000 00000000 00000003 
Total CPU time for 128 fingerprinting = 0.000000 seconds

****************************************

The polynomial is of degree 128
Irreducible polynomial used is 00000000 00000000 00000000 00000003 
Total CPU time for 128 fingerprinting = 0.000000 seconds

****************************************

The polynomial is of degree 128
Irreducible polynomial used is 00000000 00000000 00000000 00000003 
Total CPU time for 128 fingerprinting = 0.000000 seconds

****************************************

The polynomial is of degree 128
Irreducible polynomial used is 00000000 00000000 00000000 00000003 
Total CPU time for 128 fingerprinting = 0.000000 seconds

****************************************

The polynomial is of degree 128
Irreducible polynomial used is 00000000 00000000 00000000 00000003 
Total CPU time for 128 fingerprinting = 0.000000 seconds

****************************************

The polynomial is of degree 128
Irreducible polynomial used is 00000000 00000000 00000000 00000003 
Total CPU time for 128 fingerprinting = 0.000000 seconds

****************************************

The polynomial is of degree 128
Irreducible polynomial used is 00000000 00000000 00000000 00000003 
Total CPU time for 128 fingerprinting = 0.000000 seconds

****************************************

The polynomial is of degree 128
Irreducible polynomial used is 00000000 00000000 00000000 00000003 
Total CPU time for 128 fingerprinting = 0.000000 seconds

****************************************

The polynomial is of degree 96
Irreducible polynomial used is 00000000 00000000 00000003 
Total CPU time for 96 fingerprinting = 0.000000 seconds

****************************************

The polynomial is of degree 96
Irreducible polynomial used is 00000000 00000000 00000003 
Total CPU time for 96 fingerprinting = 0.000000 seconds

****************************************

The polynomial is of degree 96
Irreducible polynomial used is 00000000 00000000 00000003 
Total CPU time for 96 fingerprinting = 0.000000 seconds

****************************************

The polynomial is of degree 128
Irreducible polynomial used is 00000000 00000000 00000000 00000003 
Total CPU time for 128 fingerprinting = 0.000000 seconds

****************************************

The polynomial is of degree 64
Irreducible polynomial used is 00000000 00000003 
Total CPU time for 64 fingerprinting = 0.000000 seconds

****************************************
